{"/Users/mattmaginniss/RepublicanCalendar/index.js":{"path":"/Users/mattmaginniss/RepublicanCalendar/index.js","s":{"1":1,"2":1,"3":1,"4":1,"5":1,"6":1,"7":1,"8":1,"9":3,"10":3,"11":1,"12":2,"13":2,"14":2,"15":2,"16":2,"17":1,"18":4,"19":4,"20":1,"21":4,"22":4,"23":1,"24":0,"25":0,"26":1,"27":5,"28":0,"29":5,"30":5,"31":65,"32":10,"33":10,"34":5,"35":1,"36":2,"37":2,"38":1,"39":1,"40":0,"41":1,"42":1},"b":{"1":[1,2],"2":[0,5],"3":[5,5],"4":[1,1],"5":[0,1],"6":[1,0]},"f":{"1":3,"2":4,"3":4,"4":0,"5":5,"6":2},"fnMap":{"1":{"name":"(anonymous_1)","line":18,"loc":{"start":{"line":18,"column":24},"end":{"line":18,"column":40}}},"2":{"name":"(anonymous_2)","line":38,"loc":{"start":{"line":38,"column":30},"end":{"line":38,"column":55}}},"3":{"name":"(anonymous_3)","line":49,"loc":{"start":{"line":49,"column":25},"end":{"line":49,"column":47}}},"4":{"name":"(anonymous_4)","line":61,"loc":{"start":{"line":61,"column":23},"end":{"line":61,"column":55}}},"5":{"name":"(anonymous_5)","line":73,"loc":{"start":{"line":73,"column":27},"end":{"line":73,"column":45}}},"6":{"name":"(anonymous_6)","line":85,"loc":{"start":{"line":85,"column":25},"end":{"line":85,"column":51}}}},"statementMap":{"1":{"start":{"line":2,"column":0},"end":{"line":2,"column":31}},"2":{"start":{"line":3,"column":0},"end":{"line":3,"column":40}},"3":{"start":{"line":4,"column":0},"end":{"line":4,"column":65}},"4":{"start":{"line":5,"column":0},"end":{"line":5,"column":62}},"5":{"start":{"line":6,"column":0},"end":{"line":6,"column":44}},"6":{"start":{"line":7,"column":0},"end":{"line":7,"column":23}},"7":{"start":{"line":9,"column":0},"end":{"line":9,"column":40}},"8":{"start":{"line":18,"column":0},"end":{"line":30,"column":1}},"9":{"start":{"line":19,"column":4},"end":{"line":19,"column":60}},"10":{"start":{"line":20,"column":4},"end":{"line":22,"column":5}},"11":{"start":{"line":21,"column":8},"end":{"line":21,"column":21}},"12":{"start":{"line":24,"column":4},"end":{"line":24,"column":60}},"13":{"start":{"line":25,"column":4},"end":{"line":25,"column":59}},"14":{"start":{"line":26,"column":4},"end":{"line":26,"column":60}},"15":{"start":{"line":27,"column":4},"end":{"line":27,"column":52}},"16":{"start":{"line":29,"column":4},"end":{"line":29,"column":136}},"17":{"start":{"line":38,"column":0},"end":{"line":41,"column":1}},"18":{"start":{"line":39,"column":4},"end":{"line":39,"column":73}},"19":{"start":{"line":40,"column":4},"end":{"line":40,"column":30}},"20":{"start":{"line":49,"column":0},"end":{"line":52,"column":1}},"21":{"start":{"line":50,"column":4},"end":{"line":50,"column":46}},"22":{"start":{"line":51,"column":4},"end":{"line":51,"column":22}},"23":{"start":{"line":61,"column":0},"end":{"line":64,"column":1}},"24":{"start":{"line":62,"column":4},"end":{"line":62,"column":63}},"25":{"start":{"line":63,"column":4},"end":{"line":63,"column":20}},"26":{"start":{"line":73,"column":0},"end":{"line":83,"column":1}},"27":{"start":{"line":74,"column":4},"end":{"line":74,"column":63}},"28":{"start":{"line":74,"column":39},"end":{"line":74,"column":63}},"29":{"start":{"line":75,"column":4},"end":{"line":75,"column":26}},"30":{"start":{"line":76,"column":4},"end":{"line":81,"column":5}},"31":{"start":{"line":77,"column":8},"end":{"line":80,"column":9}},"32":{"start":{"line":78,"column":12},"end":{"line":78,"column":50}},"33":{"start":{"line":79,"column":12},"end":{"line":79,"column":56}},"34":{"start":{"line":82,"column":4},"end":{"line":82,"column":24}},"35":{"start":{"line":85,"column":0},"end":{"line":97,"column":1}},"36":{"start":{"line":86,"column":4},"end":{"line":86,"column":35}},"37":{"start":{"line":87,"column":4},"end":{"line":96,"column":5}},"38":{"start":{"line":89,"column":8},"end":{"line":89,"column":87}},"39":{"start":{"line":90,"column":11},"end":{"line":96,"column":5}},"40":{"start":{"line":92,"column":8},"end":{"line":92,"column":87}},"41":{"start":{"line":93,"column":11},"end":{"line":96,"column":5}},"42":{"start":{"line":95,"column":8},"end":{"line":95,"column":87}}},"branchMap":{"1":{"line":20,"type":"if","locations":[{"start":{"line":20,"column":4},"end":{"line":20,"column":4}},{"start":{"line":20,"column":4},"end":{"line":20,"column":4}}]},"2":{"line":74,"type":"if","locations":[{"start":{"line":74,"column":4},"end":{"line":74,"column":4}},{"start":{"line":74,"column":4},"end":{"line":74,"column":4}}]},"3":{"line":74,"type":"binary-expr","locations":[{"start":{"line":74,"column":8},"end":{"line":74,"column":19}},{"start":{"line":74,"column":23},"end":{"line":74,"column":37}}]},"4":{"line":87,"type":"if","locations":[{"start":{"line":87,"column":4},"end":{"line":87,"column":4}},{"start":{"line":87,"column":4},"end":{"line":87,"column":4}}]},"5":{"line":90,"type":"if","locations":[{"start":{"line":90,"column":11},"end":{"line":90,"column":11}},{"start":{"line":90,"column":11},"end":{"line":90,"column":11}}]},"6":{"line":93,"type":"if","locations":[{"start":{"line":93,"column":11},"end":{"line":93,"column":11}},{"start":{"line":93,"column":11},"end":{"line":93,"column":11}}]}}},"/Users/mattmaginniss/RepublicanCalendar/data/info.js":{"path":"/Users/mattmaginniss/RepublicanCalendar/data/info.js","s":{"1":1,"2":1,"3":1,"4":1},"b":{},"f":{},"fnMap":{},"statementMap":{"1":{"start":{"line":1,"column":0},"end":{"line":1,"column":26}},"2":{"start":{"line":3,"column":0},"end":{"line":461,"column":2}},"3":{"start":{"line":463,"column":0},"end":{"line":474,"column":2}},"4":{"start":{"line":476,"column":0},"end":{"line":476,"column":163}}},"branchMap":{}}}