{"/Users/mattmaginniss/RepublicanCalendar/index.js":{"path":"/Users/mattmaginniss/RepublicanCalendar/index.js","s":{"1":1,"2":1,"3":1,"4":1,"5":1,"6":1,"7":1,"8":1,"9":4,"10":4,"11":4,"12":4,"13":1,"14":3,"15":1,"16":2,"17":2,"18":2,"19":1,"20":9,"21":9,"22":1,"23":4,"24":4,"25":1,"26":3,"27":3,"28":1,"29":7,"30":1,"31":6,"32":6,"33":78,"34":11,"35":11,"36":6,"37":1,"38":7,"39":7,"40":4,"41":3,"42":1,"43":2},"b":{"1":[1,3],"2":[1,2],"3":[1,6],"4":[7,6],"5":[4,3],"6":[1,2]},"f":{"1":4,"2":9,"3":4,"4":3,"5":7,"6":7},"fnMap":{"1":{"name":"(anonymous_1)","line":18,"loc":{"start":{"line":18,"column":24},"end":{"line":18,"column":40}}},"2":{"name":"(anonymous_2)","line":41,"loc":{"start":{"line":41,"column":30},"end":{"line":41,"column":55}}},"3":{"name":"(anonymous_3)","line":52,"loc":{"start":{"line":52,"column":25},"end":{"line":52,"column":47}}},"4":{"name":"(anonymous_4)","line":64,"loc":{"start":{"line":64,"column":23},"end":{"line":64,"column":55}}},"5":{"name":"(anonymous_5)","line":76,"loc":{"start":{"line":76,"column":27},"end":{"line":76,"column":45}}},"6":{"name":"(anonymous_6)","line":88,"loc":{"start":{"line":88,"column":25},"end":{"line":88,"column":51}}}},"statementMap":{"1":{"start":{"line":2,"column":0},"end":{"line":2,"column":31}},"2":{"start":{"line":3,"column":0},"end":{"line":3,"column":40}},"3":{"start":{"line":4,"column":0},"end":{"line":4,"column":65}},"4":{"start":{"line":5,"column":0},"end":{"line":5,"column":62}},"5":{"start":{"line":6,"column":0},"end":{"line":6,"column":44}},"6":{"start":{"line":7,"column":0},"end":{"line":7,"column":23}},"7":{"start":{"line":9,"column":0},"end":{"line":9,"column":40}},"8":{"start":{"line":18,"column":0},"end":{"line":33,"column":1}},"9":{"start":{"line":19,"column":4},"end":{"line":19,"column":54}},"10":{"start":{"line":20,"column":4},"end":{"line":20,"column":63}},"11":{"start":{"line":21,"column":4},"end":{"line":21,"column":65}},"12":{"start":{"line":22,"column":4},"end":{"line":24,"column":5}},"13":{"start":{"line":23,"column":8},"end":{"line":23,"column":21}},"14":{"start":{"line":25,"column":4},"end":{"line":31,"column":5}},"15":{"start":{"line":26,"column":8},"end":{"line":26,"column":105}},"16":{"start":{"line":28,"column":8},"end":{"line":28,"column":63}},"17":{"start":{"line":29,"column":8},"end":{"line":29,"column":56}},"18":{"start":{"line":30,"column":8},"end":{"line":30,"column":131}},"19":{"start":{"line":41,"column":0},"end":{"line":44,"column":1}},"20":{"start":{"line":42,"column":4},"end":{"line":42,"column":73}},"21":{"start":{"line":43,"column":4},"end":{"line":43,"column":30}},"22":{"start":{"line":52,"column":0},"end":{"line":55,"column":1}},"23":{"start":{"line":53,"column":4},"end":{"line":53,"column":46}},"24":{"start":{"line":54,"column":4},"end":{"line":54,"column":22}},"25":{"start":{"line":64,"column":0},"end":{"line":67,"column":1}},"26":{"start":{"line":65,"column":4},"end":{"line":65,"column":63}},"27":{"start":{"line":66,"column":4},"end":{"line":66,"column":20}},"28":{"start":{"line":76,"column":0},"end":{"line":86,"column":1}},"29":{"start":{"line":77,"column":4},"end":{"line":77,"column":63}},"30":{"start":{"line":77,"column":39},"end":{"line":77,"column":63}},"31":{"start":{"line":78,"column":4},"end":{"line":78,"column":26}},"32":{"start":{"line":79,"column":4},"end":{"line":84,"column":5}},"33":{"start":{"line":80,"column":8},"end":{"line":83,"column":9}},"34":{"start":{"line":81,"column":12},"end":{"line":81,"column":50}},"35":{"start":{"line":82,"column":12},"end":{"line":82,"column":56}},"36":{"start":{"line":85,"column":4},"end":{"line":85,"column":24}},"37":{"start":{"line":88,"column":0},"end":{"line":100,"column":1}},"38":{"start":{"line":89,"column":4},"end":{"line":89,"column":35}},"39":{"start":{"line":90,"column":4},"end":{"line":99,"column":5}},"40":{"start":{"line":92,"column":8},"end":{"line":92,"column":87}},"41":{"start":{"line":93,"column":11},"end":{"line":99,"column":5}},"42":{"start":{"line":95,"column":8},"end":{"line":95,"column":87}},"43":{"start":{"line":98,"column":8},"end":{"line":98,"column":87}}},"branchMap":{"1":{"line":22,"type":"if","locations":[{"start":{"line":22,"column":4},"end":{"line":22,"column":4}},{"start":{"line":22,"column":4},"end":{"line":22,"column":4}}]},"2":{"line":25,"type":"if","locations":[{"start":{"line":25,"column":4},"end":{"line":25,"column":4}},{"start":{"line":25,"column":4},"end":{"line":25,"column":4}}]},"3":{"line":77,"type":"if","locations":[{"start":{"line":77,"column":4},"end":{"line":77,"column":4}},{"start":{"line":77,"column":4},"end":{"line":77,"column":4}}]},"4":{"line":77,"type":"binary-expr","locations":[{"start":{"line":77,"column":8},"end":{"line":77,"column":19}},{"start":{"line":77,"column":23},"end":{"line":77,"column":37}}]},"5":{"line":90,"type":"if","locations":[{"start":{"line":90,"column":4},"end":{"line":90,"column":4}},{"start":{"line":90,"column":4},"end":{"line":90,"column":4}}]},"6":{"line":93,"type":"if","locations":[{"start":{"line":93,"column":11},"end":{"line":93,"column":11}},{"start":{"line":93,"column":11},"end":{"line":93,"column":11}}]}}},"/Users/mattmaginniss/RepublicanCalendar/data/info.js":{"path":"/Users/mattmaginniss/RepublicanCalendar/data/info.js","s":{"1":1,"2":1,"3":1,"4":1},"b":{},"f":{},"fnMap":{},"statementMap":{"1":{"start":{"line":1,"column":0},"end":{"line":1,"column":26}},"2":{"start":{"line":3,"column":0},"end":{"line":461,"column":2}},"3":{"start":{"line":463,"column":0},"end":{"line":474,"column":2}},"4":{"start":{"line":476,"column":0},"end":{"line":476,"column":163}}},"branchMap":{}}}