TN:
SF:/Users/mattmaginniss/RepublicanCalendar/index.js
FN:18,(anonymous_1)
FN:41,(anonymous_2)
FN:52,(anonymous_3)
FN:64,(anonymous_4)
FN:76,(anonymous_5)
FN:88,(anonymous_6)
FNF:6
FNH:6
FNDA:4,(anonymous_1)
FNDA:9,(anonymous_2)
FNDA:4,(anonymous_3)
FNDA:3,(anonymous_4)
FNDA:7,(anonymous_5)
FNDA:7,(anonymous_6)
DA:2,1
DA:3,1
DA:4,1
DA:5,1
DA:6,1
DA:7,1
DA:9,1
DA:18,1
DA:19,4
DA:20,4
DA:21,4
DA:22,4
DA:23,1
DA:25,3
DA:26,1
DA:28,2
DA:29,2
DA:30,2
DA:41,1
DA:42,9
DA:43,9
DA:52,1
DA:53,4
DA:54,4
DA:64,1
DA:65,3
DA:66,3
DA:76,1
DA:77,7
DA:78,6
DA:79,6
DA:80,78
DA:81,11
DA:82,11
DA:85,6
DA:88,1
DA:89,7
DA:90,7
DA:92,4
DA:93,3
DA:95,1
DA:98,2
LF:42
LH:42
BRDA:22,1,0,1
BRDA:22,1,1,3
BRDA:25,2,0,1
BRDA:25,2,1,2
BRDA:77,3,0,1
BRDA:77,3,1,6
BRDA:77,4,0,7
BRDA:77,4,1,6
BRDA:90,5,0,4
BRDA:90,5,1,3
BRDA:93,6,0,1
BRDA:93,6,1,2
BRF:12
BRH:12
end_of_record
TN:
SF:/Users/mattmaginniss/RepublicanCalendar/data/info.js
FNF:0
FNH:0
DA:1,1
DA:3,1
DA:463,1
DA:476,1
LF:4
LH:4
BRF:0
BRH:0
end_of_record
