TN:
SF:/Users/mattmaginniss/RepublicanCalendar/index.js
FN:18,(anonymous_1)
FN:38,(anonymous_2)
FN:49,(anonymous_3)
FN:61,(anonymous_4)
FN:73,(anonymous_5)
FN:85,(anonymous_6)
FNF:6
FNH:6
FNDA:3,(anonymous_1)
FNDA:5,(anonymous_2)
FNDA:4,(anonymous_3)
FNDA:2,(anonymous_4)
FNDA:6,(anonymous_5)
FNDA:3,(anonymous_6)
DA:2,1
DA:3,1
DA:4,1
DA:5,1
DA:6,1
DA:7,1
DA:9,1
DA:18,1
DA:19,3
DA:20,3
DA:21,1
DA:24,2
DA:25,2
DA:26,2
DA:27,2
DA:29,2
DA:38,1
DA:39,5
DA:40,5
DA:49,1
DA:50,4
DA:51,4
DA:61,1
DA:62,2
DA:63,2
DA:73,1
DA:74,6
DA:75,5
DA:76,5
DA:77,65
DA:78,10
DA:79,10
DA:82,5
DA:85,1
DA:86,3
DA:87,3
DA:89,1
DA:90,2
DA:92,1
DA:95,1
LF:40
LH:40
BRDA:20,1,0,1
BRDA:20,1,1,2
BRDA:74,2,0,1
BRDA:74,2,1,5
BRDA:74,3,0,6
BRDA:74,3,1,5
BRDA:87,4,0,1
BRDA:87,4,1,2
BRDA:90,5,0,1
BRDA:90,5,1,1
BRF:10
BRH:10
end_of_record
TN:
SF:/Users/mattmaginniss/RepublicanCalendar/data/info.js
FNF:0
FNH:0
DA:1,1
DA:3,1
DA:463,1
DA:476,1
LF:4
LH:4
BRF:0
BRH:0
end_of_record
